2022-03-26 09:34:00.731 INFO  [main] org.flowable.engine.ProcessEngines 93   - Initializing process engine using configuration 'file:/C:/Users/admin/Desktop/learn/genrtator/genratorweb/target/classes/flowable.cfg.xml'
2022-03-26 09:34:00.743 INFO  [main] org.flowable.engine.ProcessEngines 161  - initializing process engine for resource file:/C:/Users/admin/Desktop/learn/genrtator/genratorweb/target/classes/flowable.cfg.xml
2022-03-26 09:34:01.596 INFO  [main] l.cfg.ProcessEngineConfigurationImpl 1258 - Found 1 Engine Configurators in total:
2022-03-26 09:34:01.596 INFO  [main] l.cfg.ProcessEngineConfigurationImpl 1260 - class org.flowable.engine.impl.cfg.IdmEngineConfigurator (priority:100000)
2022-03-26 09:34:01.597 INFO  [main] l.cfg.ProcessEngineConfigurationImpl 1270 - Executing beforeInit() of class org.flowable.engine.impl.cfg.IdmEngineConfigurator (priority:100000)
2022-03-26 09:34:01.647 INFO  [main] mon.impl.AbstractEngineConfiguration 316  - Configuring Datasource with following properties (omitted password for security)
2022-03-26 09:34:01.647 INFO  [main] mon.impl.AbstractEngineConfiguration 317  - datasource driver : com.mysql.jdbc.Driver
2022-03-26 09:34:01.648 INFO  [main] mon.impl.AbstractEngineConfiguration 318  - datasource url : jdbc:mysql://47.105.161.220:3306/shirojwt?useSSL=false&useUnicode=true&characterEncoding=utf-8
2022-03-26 09:34:01.648 INFO  [main] mon.impl.AbstractEngineConfiguration 319  - datasource user name : root
2022-03-26 09:34:03.044 INFO  [main] l.cfg.ProcessEngineConfigurationImpl 1416 - Executing configure() of class org.flowable.engine.impl.cfg.IdmEngineConfigurator (priority:100000)
2022-03-26 09:34:03.195 INFO  [main] bstractSqlScriptBasedDbSchemaManager 239  - performing create on identity with resource org/flowable/idm/db/create/flowable.mysql.create.identity.sql
2022-03-26 09:34:03.196 INFO  [main] bstractSqlScriptBasedDbSchemaManager 255  - Found MySQL: majorVersion=5 minorVersion=7
2022-03-26 09:34:04.354 INFO  [main] owable.idm.engine.impl.IdmEngineImpl 51   - IdmEngine default created
2022-03-26 09:34:04.455 INFO  [main] bstractSqlScriptBasedDbSchemaManager 239  - performing create on common with resource org/flowable/common/db/create/flowable.mysql.create.common.sql
2022-03-26 09:34:04.456 INFO  [main] bstractSqlScriptBasedDbSchemaManager 255  - Found MySQL: majorVersion=5 minorVersion=7
2022-03-26 09:34:04.706 INFO  [main] bstractSqlScriptBasedDbSchemaManager 239  - performing create on identitylink with resource org/flowable/identitylink/service/db/create/flowable.mysql.create.identitylink.sql
2022-03-26 09:34:04.707 INFO  [main] bstractSqlScriptBasedDbSchemaManager 255  - Found MySQL: majorVersion=5 minorVersion=7
2022-03-26 09:34:05.169 INFO  [main] bstractSqlScriptBasedDbSchemaManager 239  - performing create on identitylink.history with resource org/flowable/identitylink/service/db/create/flowable.mysql.create.identitylink.history.sql
2022-03-26 09:34:05.169 INFO  [main] bstractSqlScriptBasedDbSchemaManager 255  - Found MySQL: majorVersion=5 minorVersion=7
2022-03-26 09:34:05.769 INFO  [main] bstractSqlScriptBasedDbSchemaManager 239  - performing create on task with resource org/flowable/task/service/db/create/flowable.mysql.create.task.sql
2022-03-26 09:34:05.769 INFO  [main] bstractSqlScriptBasedDbSchemaManager 255  - Found MySQL: majorVersion=5 minorVersion=7
2022-03-26 09:34:06.377 INFO  [main] bstractSqlScriptBasedDbSchemaManager 239  - performing create on task.history with resource org/flowable/task/service/db/create/flowable.mysql.create.task.history.sql
2022-03-26 09:34:06.377 INFO  [main] bstractSqlScriptBasedDbSchemaManager 255  - Found MySQL: majorVersion=5 minorVersion=7
2022-03-26 09:34:06.659 INFO  [main] bstractSqlScriptBasedDbSchemaManager 239  - performing create on variable with resource org/flowable/variable/service/db/create/flowable.mysql.create.variable.sql
2022-03-26 09:34:06.660 INFO  [main] bstractSqlScriptBasedDbSchemaManager 255  - Found MySQL: majorVersion=5 minorVersion=7
2022-03-26 09:34:07.113 INFO  [main] bstractSqlScriptBasedDbSchemaManager 239  - performing create on variable.history with resource org/flowable/variable/service/db/create/flowable.mysql.create.variable.history.sql
2022-03-26 09:34:07.114 INFO  [main] bstractSqlScriptBasedDbSchemaManager 255  - Found MySQL: majorVersion=5 minorVersion=7
2022-03-26 09:34:07.402 INFO  [main] bstractSqlScriptBasedDbSchemaManager 239  - performing create on job with resource org/flowable/job/service/db/create/flowable.mysql.create.job.sql
2022-03-26 09:34:07.402 INFO  [main] bstractSqlScriptBasedDbSchemaManager 255  - Found MySQL: majorVersion=5 minorVersion=7
2022-03-26 09:34:10.515 INFO  [main] bstractSqlScriptBasedDbSchemaManager 239  - performing create on engine with resource org/flowable/db/create/flowable.mysql.create.engine.sql
2022-03-26 09:34:10.515 INFO  [main] bstractSqlScriptBasedDbSchemaManager 255  - Found MySQL: majorVersion=5 minorVersion=7
2022-03-26 09:34:15.762 INFO  [main] bstractSqlScriptBasedDbSchemaManager 239  - performing create on history with resource org/flowable/db/create/flowable.mysql.create.history.sql
2022-03-26 09:34:15.762 INFO  [main] bstractSqlScriptBasedDbSchemaManager 255  - Found MySQL: majorVersion=5 minorVersion=7
2022-03-26 09:34:17.336 INFO  [main] owable.engine.impl.ProcessEngineImpl 84   - ProcessEngine default created
2022-03-26 09:34:17.345 INFO  [main] .asyncexecutor.AbstractAsyncExecutor 114  - Starting up the async job executor [org.flowable.job.service.impl.asyncexecutor.DefaultAsyncJobExecutor].
2022-03-26 09:34:17.347 INFO  [main] syncexecutor.DefaultAsyncJobExecutor 139  - Creating thread pool queue of size 100
2022-03-26 09:34:17.347 INFO  [main] syncexecutor.DefaultAsyncJobExecutor 144  - Creating executor service with corePoolSize 2, maxPoolSize 10 and keepAliveTime 5000
2022-03-26 09:34:17.349 INFO  [Thread-1] executor.AcquireAsyncJobsDueRunnable 52   - starting to acquire async jobs due
2022-03-26 09:34:17.349 INFO  [Thread-2] yncexecutor.AcquireTimerJobsRunnable 50   - starting to acquire async jobs due
2022-03-26 09:34:17.349 INFO  [Thread-3] yncexecutor.ResetExpiredJobsRunnable 56   - starting to reset expired jobs
2022-03-26 09:34:17.432 INFO  [main] ngine.impl.cmd.ValidateV5EntitiesCmd 43   - Total of v5 deployments found: 0
2022-03-26 09:34:17.926 INFO  [main] org.flowable.engine.ProcessEngines 164  - initialised process engine default
